<?xml version="1.0" encoding="UTF-8"?>
<!-- Generated by org.testng.reporters.JUnitReportReporter -->
<testsuite hostname="priyans-MacBook-Air.local" failures="0" tests="3" name="testNg.Before_After_suit" time="13.284" errors="0" timestamp="2021-07-22T07:47:27 IST" skipped="0">
  <testcase classname="testNg.Before_After_suit" name="yahooopen" time="10.297"/>
  <system-out/>
  <testcase classname="testNg.Before_After_suit" name="googleopen" time="2.176"/>
  <system-out/>
  <testcase classname="testNg.Before_After_suit" name="bingopen" time="0.811"/>
  <system-out/>
</testsuite> <!-- testNg.Before_After_suit -->
